Express Started on http://localhost:3000press Ctrl + C to exit
::ffff:211.234.67.40 - - [17/May/2016:18:20:11 +0000] "POST /user/login HTTP/1.1" 200 15 "-" "okhttp/3.2.0"
::ffff:211.246.69.172 - - [18/May/2016:08:49:13 +0000] "POST /user/login HTTP/1.1" 200 15 "-" "okhttp/3.2.0"
::ffff:211.234.67.40 - - [19/May/2016:03:01:02 +0000] "POST /user/login HTTP/1.1" 200 15 "-" "okhttp/3.2.0"
::ffff:211.234.67.40 - - [19/May/2016:07:57:31 +0000] "POST /user/login HTTP/1.1" 200 15 "-" "okhttp/3.2.0"
{ email: 'aaa@aa.com',
  password: 'ed02457b5c41d964dbd2f2a609d63fe1bb7528dbe55e1abf5b52c249cd735797',
  firstName: 'bayder',
  lastName: 'das',
  userType: '1' }
[ 'das',
  'bayder',
  'aaa@aa.com',
  'ed02457b5c41d964dbd2f2a609d63fe1bb7528dbe55e1abf5b52c249cd735797',
  '1' ]
OkPacket {
  fieldCount: 0,
  affectedRows: 1,
  insertId: 4,
  serverStatus: 2,
  warningCount: 0,
  message: '',
  protocol41: true,
  changedRows: 0 }
::ffff:211.234.67.40 - - [19/May/2016:10:08:12 +0000] "POST /user/create HTTP/1.1" 200 21 "-" "okhttp/3.2.0"
make Client Id : 4Success
::ffff:182.216.119.214 - - [19/May/2016:15:42:20 +0000] "POST /user/login HTTP/1.1" 200 15 "-" "okhttp/3.2.0"
::ffff:118.32.148.134 - - [20/May/2016:13:31:13 +0000] "POST /user/login HTTP/1.1" 200 14 "-" "okhttp/3.2.0"
{ email: '',
  password: 'e3b0c44298fc1c149afbf4c8996fb92427ae41e4649b934ca495991b7852b855',
  firstName: '',
  lastName: '',
  userType: '1' }
[ '',
  '',
  '',
  'e3b0c44298fc1c149afbf4c8996fb92427ae41e4649b934ca495991b7852b855',
  '1' ]
OkPacket {
  fieldCount: 0,
  affectedRows: 1,
  insertId: 5,
  serverStatus: 2,
  warningCount: 0,
  message: '',
  protocol41: true,
  changedRows: 0 }
::ffff:118.32.148.134 - - [20/May/2016:13:31:18 +0000] "POST /user/create HTTP/1.1" 200 21 "-" "okhttp/3.2.0"
make Client Id : 5Success
{ email: '',
  password: 'e3b0c44298fc1c149afbf4c8996fb92427ae41e4649b934ca495991b7852b855',
  firstName: '',
  lastName: '',
  userType: '1' }
[ '',
  '',
  '',
  'e3b0c44298fc1c149afbf4c8996fb92427ae41e4649b934ca495991b7852b855',
  '1' ]
::ffff:118.32.148.134 - - [20/May/2016:13:31:59 +0000] "POST /user/create HTTP/1.1" 200 21 "-" "okhttp/3.2.0"
{ email: '',
  password: 'e3b0c44298fc1c149afbf4c8996fb92427ae41e4649b934ca495991b7852b855',
  firstName: '',
  lastName: '',
  userType: '1' }
[ '',
  '',
  '',
  'e3b0c44298fc1c149afbf4c8996fb92427ae41e4649b934ca495991b7852b855',
  '1' ]
::ffff:118.32.148.134 - - [20/May/2016:13:32:01 +0000] "POST /user/create HTTP/1.1" 200 21 "-" "okhttp/3.2.0"
{ email: '',
  password: 'e3b0c44298fc1c149afbf4c8996fb92427ae41e4649b934ca495991b7852b855',
  firstName: '',
  lastName: '',
  userType: '1' }
[ '',
  '',
  '',
  'e3b0c44298fc1c149afbf4c8996fb92427ae41e4649b934ca495991b7852b855',
  '1' ]
::ffff:118.32.148.134 - - [20/May/2016:13:32:02 +0000] "POST /user/create HTTP/1.1" 200 21 "-" "okhttp/3.2.0"
::ffff:118.32.148.134 - - [20/May/2016:13:32:39 +0000] "POST /user/login HTTP/1.1" 200 14 "-" "okhttp/3.2.0"
{ email: '',
  password: 'e3b0c44298fc1c149afbf4c8996fb92427ae41e4649b934ca495991b7852b855',
  firstName: '',
  lastName: '',
  userType: '1' }
[ '',
  '',
  '',
  'e3b0c44298fc1c149afbf4c8996fb92427ae41e4649b934ca495991b7852b855',
  '1' ]
::ffff:118.32.148.134 - - [20/May/2016:13:32:45 +0000] "POST /user/create HTTP/1.1" 200 21 "-" "okhttp/3.2.0"
{ email: '',
  password: 'e3b0c44298fc1c149afbf4c8996fb92427ae41e4649b934ca495991b7852b855',
  firstName: '',
  lastName: '',
  userType: '1' }
[ '',
  '',
  '',
  'e3b0c44298fc1c149afbf4c8996fb92427ae41e4649b934ca495991b7852b855',
  '1' ]
::ffff:118.32.148.134 - - [20/May/2016:13:32:46 +0000] "POST /user/create HTTP/1.1" 200 21 "-" "okhttp/3.2.0"
{ email: '',
  password: 'e3b0c44298fc1c149afbf4c8996fb92427ae41e4649b934ca495991b7852b855',
  firstName: '',
  lastName: '',
  userType: '1' }
[ '',
  '',
  '',
  'e3b0c44298fc1c149afbf4c8996fb92427ae41e4649b934ca495991b7852b855',
  '1' ]
::ffff:118.32.148.134 - - [20/May/2016:13:32:46 +0000] "POST /user/create HTTP/1.1" 200 21 "-" "okhttp/3.2.0"
::ffff:113.240.250.156 - - [21/May/2016:17:09:14 +0000] "GET / HTTP/1.0" 404 15 "-" "-"
::ffff:113.240.250.156 - - [21/May/2016:17:11:55 +0000] "GET / HTTP/1.0" 404 15 "-" "-"
::ffff:113.240.250.156 - - [21/May/2016:17:11:57 +0000] "GET / HTTP/1.1" 404 15 "-" "-"
::ffff:113.240.250.156 - - [21/May/2016:17:26:57 +0000] "GET / HTTP/1.1" 404 15 "-" "Mozilla/5.0 (Windows NT 6.1; WOW64; rv:31.0) Gecko/20100101 Firefox/31.0"
